<?xml version="1.0" encoding="UTF-8"?>
<testng-results ignored="0" total="4" passed="3" failed="1" skipped="0">
  <reporter-output>
  </reporter-output>
  <suite started-at="2021-01-31T11:21:16 IST" name="Default suite" finished-at="2021-01-31T11:21:25 IST" duration-ms="9325">
    <groups>
    </groups>
    <test started-at="2021-01-31T11:21:16 IST" name="Default test" finished-at="2021-01-31T11:21:25 IST" duration-ms="9325">
      <class name="CommonFunction.AddToCart">
        <test-method is-config="true" signature="LaunchBrowser()[pri:0, instance:CommonFunction.AddToCart@7692d9cc]" started-at="2021-01-31T11:21:03 IST" name="LaunchBrowser" finished-at="2021-01-31T11:21:16 IST" duration-ms="13300" status="PASS">
          <reporter-output>
          </reporter-output>
        </test-method> <!-- LaunchBrowser -->
        <test-method signature="verifyCart()[pri:0, instance:CommonFunction.AddToCart@7692d9cc]" started-at="2021-01-31T11:21:16 IST" name="verifyCart" finished-at="2021-01-31T11:21:16 IST" duration-ms="18" status="FAIL">
          <exception class="java.lang.NullPointerException">
            <message>
              <![CDATA[Cannot invoke "org.openqa.selenium.WebElement.getText()" because "Pages.AddCartObject.checkcart" is null]]>
            </message>
            <full-stacktrace>
              <![CDATA[java.lang.NullPointerException: Cannot invoke "org.openqa.selenium.WebElement.getText()" because "Pages.AddCartObject.checkcart" is null
at CommonFunction.AddToCart.verifyCart(AddToCart.java:27)
at java.base/jdk.internal.reflect.NativeMethodAccessorImpl.invoke0(Native Method)
at java.base/jdk.internal.reflect.NativeMethodAccessorImpl.invoke(NativeMethodAccessorImpl.java:64)
at java.base/jdk.internal.reflect.DelegatingMethodAccessorImpl.invoke(DelegatingMethodAccessorImpl.java:43)
at java.base/java.lang.reflect.Method.invoke(Method.java:564)
at org.testng.internal.MethodInvocationHelper.invokeMethod(MethodInvocationHelper.java:132)
at org.testng.internal.TestInvoker.invokeMethod(TestInvoker.java:599)
at org.testng.internal.TestInvoker.invokeTestMethod(TestInvoker.java:174)
at org.testng.internal.MethodRunner.runInSequence(MethodRunner.java:46)
at org.testng.internal.TestInvoker$MethodInvocationAgent.invoke(TestInvoker.java:822)
at org.testng.internal.TestInvoker.invokeTestMethods(TestInvoker.java:147)
at org.testng.internal.TestMethodWorker.invokeTestMethods(TestMethodWorker.java:146)
at org.testng.internal.TestMethodWorker.run(TestMethodWorker.java:128)
at java.base/java.util.ArrayList.forEach(ArrayList.java:1511)
at org.testng.TestRunner.privateRun(TestRunner.java:764)
at org.testng.TestRunner.run(TestRunner.java:585)
at org.testng.SuiteRunner.runTest(SuiteRunner.java:384)
at org.testng.SuiteRunner.runSequentially(SuiteRunner.java:378)
at org.testng.SuiteRunner.privateRun(SuiteRunner.java:337)
at org.testng.SuiteRunner.run(SuiteRunner.java:286)
at org.testng.SuiteRunnerWorker.runSuite(SuiteRunnerWorker.java:53)
at org.testng.SuiteRunnerWorker.run(SuiteRunnerWorker.java:96)
at org.testng.TestNG.runSuitesSequentially(TestNG.java:1218)
at org.testng.TestNG.runSuitesLocally(TestNG.java:1140)
at org.testng.TestNG.runSuites(TestNG.java:1069)
at org.testng.TestNG.run(TestNG.java:1037)
at org.testng.remote.AbstractRemoteTestNG.run(AbstractRemoteTestNG.java:115)
at org.testng.remote.RemoteTestNG.initAndRun(RemoteTestNG.java:251)
at org.testng.remote.RemoteTestNG.main(RemoteTestNG.java:77)
]]>
            </full-stacktrace>
          </exception> <!-- java.lang.NullPointerException -->
          <reporter-output>
          </reporter-output>
        </test-method> <!-- verifyCart -->
        <test-method signature="Login()[pri:0, instance:CommonFunction.AddToCart@7692d9cc]" started-at="2021-01-31T11:21:16 IST" name="Login" finished-at="2021-01-31T11:21:19 IST" duration-ms="2669" status="PASS">
          <reporter-output>
          </reporter-output>
        </test-method> <!-- Login -->
        <test-method signature="Search()[pri:0, instance:CommonFunction.AddToCart@7692d9cc]" started-at="2021-01-31T11:21:19 IST" name="Search" finished-at="2021-01-31T11:21:20 IST" duration-ms="1086" status="PASS">
          <reporter-output>
          </reporter-output>
        </test-method> <!-- Search -->
        <test-method signature="Verify_search()[pri:0, instance:CommonFunction.AddToCart@7692d9cc]" started-at="2021-01-31T11:21:20 IST" name="Verify_search" finished-at="2021-01-31T11:21:23 IST" duration-ms="3580" status="PASS">
          <reporter-output>
          </reporter-output>
        </test-method> <!-- Verify_search -->
        <test-method is-config="true" signature="AddCart()[pri:0, instance:CommonFunction.AddToCart@7692d9cc]" started-at="2021-01-31T11:21:23 IST" name="AddCart" finished-at="2021-01-31T11:21:25 IST" duration-ms="1865" status="PASS">
          <reporter-output>
          </reporter-output>
        </test-method> <!-- AddCart -->
        <test-method is-config="true" signature="tearDown()[pri:0, instance:CommonFunction.AddToCart@7692d9cc]" started-at="2021-01-31T11:21:26 IST" name="tearDown" finished-at="2021-01-31T11:21:26 IST" duration-ms="1" status="PASS">
          <reporter-output>
          </reporter-output>
        </test-method> <!-- tearDown -->
      </class> <!-- CommonFunction.AddToCart -->
    </test> <!-- Default test -->
  </suite> <!-- Default suite -->
</testng-results>
