<?xml version="1.0" encoding="UTF-8"?>
<testng-results ignored="0" total="2" passed="2" failed="0" skipped="0">
  <reporter-output>
  </reporter-output>
  <suite started-at="2021-02-01T10:15:16 IST" name="Default suite" finished-at="2021-02-01T10:15:41 IST" duration-ms="25472">
    <groups>
    </groups>
    <test started-at="2021-02-01T10:15:16 IST" name="Default test" finished-at="2021-02-01T10:15:41 IST" duration-ms="25472">
      <class name="TestCases.SearchFunction">
        <test-method is-config="true" signature="LaunchBrowser()[pri:0, instance:TestCases.SearchFunction@6b19b79]" started-at="2021-02-01T10:15:01 IST" name="LaunchBrowser" finished-at="2021-02-01T10:15:16 IST" duration-ms="14362" status="PASS">
          <reporter-output>
          </reporter-output>
        </test-method> <!-- LaunchBrowser -->
        <test-method signature="Login()[pri:0, instance:TestCases.SearchFunction@6b19b79]" started-at="2021-02-01T10:15:16 IST" name="Login" finished-at="2021-02-01T10:15:20 IST" duration-ms="4029" status="PASS">
          <reporter-output>
          </reporter-output>
        </test-method> <!-- Login -->
        <test-method signature="checkout()[pri:0, instance:TestCases.SearchFunction@6b19b79]" started-at="2021-02-01T10:15:20 IST" name="checkout" finished-at="2021-02-01T10:15:41 IST" duration-ms="21336" status="PASS">
          <reporter-output>
          </reporter-output>
        </test-method> <!-- checkout -->
        <test-method is-config="true" signature="tearDown()[pri:0, instance:TestCases.SearchFunction@6b19b79]" started-at="2021-02-01T10:15:42 IST" name="tearDown" finished-at="2021-02-01T10:15:42 IST" duration-ms="7" status="PASS">
          <reporter-output>
          </reporter-output>
        </test-method> <!-- tearDown -->
      </class> <!-- TestCases.SearchFunction -->
    </test> <!-- Default test -->
  </suite> <!-- Default suite -->
</testng-results>
